c:\dev\kx\kx\bin\-windows-x86_64\kx\kx.pdb
c:\dev\kx\kx\bin-int\-windows-x86_64\kx\debug\windowsinput.obj
c:\dev\kx\kx\bin-int\-windows-x86_64\kx\debug\glm.obj
c:\dev\kx\kx\bin-int\-windows-x86_64\kx\debug\windowswindow.obj
c:\dev\kx\kx\bin-int\-windows-x86_64\kx\debug\logger.obj
c:\dev\kx\kx\bin-int\-windows-x86_64\kx\debug\application.obj
c:\dev\kx\kx\bin-int\-windows-x86_64\kx\debug\layer.obj
c:\dev\kx\kx\bin-int\-windows-x86_64\kx\debug\layerstack.obj
c:\dev\kx\kx\bin-int\-windows-x86_64\kx\debug\imguilayer.obj
c:\dev\kx\kx\bin-int\-windows-x86_64\kx\debug\imguibuil.obj
c:\dev\kx\kx\bin\-windows-x86_64\kx\kx.dll
c:\dev\kx\kx\bin-int\-windows-x86_64\kx\debug\kx.ilk
c:\dev\kx\kx\bin-int\-windows-x86_64\kx\debug\vc143.pdb
c:\dev\kx\kx\bin-int\-windows-x86_64\kx\debug\kx.tlog\cl.command.1.tlog
c:\dev\kx\kx\bin-int\-windows-x86_64\kx\debug\kx.tlog\cl.items.tlog
c:\dev\kx\kx\bin-int\-windows-x86_64\kx\debug\kx.tlog\cl.read.1.tlog
c:\dev\kx\kx\bin-int\-windows-x86_64\kx\debug\kx.tlog\cl.write.1.tlog
c:\dev\kx\kx\bin-int\-windows-x86_64\kx\debug\kx.tlog\lib-link.read.1.tlog
c:\dev\kx\kx\bin-int\-windows-x86_64\kx\debug\kx.tlog\lib-link.write.1.tlog
c:\dev\kx\kx\bin-int\-windows-x86_64\kx\debug\kx.tlog\lib.command.1.tlog
c:\dev\kx\kx\bin-int\-windows-x86_64\kx\debug\kx.tlog\link.command.1.tlog
c:\dev\kx\kx\bin-int\-windows-x86_64\kx\debug\kx.tlog\link.read.1.tlog
c:\dev\kx\kx\bin-int\-windows-x86_64\kx\debug\kx.tlog\link.write.1.tlog
