  ImguiBuil.cpp
  ImGuiLayer.cpp
C:\Program Files (x86)\Windows Kits\10\Include\10.0.19041.0\shared\minwindef.h(130,1): warning C4005: 'APIENTRY': macro redefinition
C:\dev\kx\kx\kx\vendor\Glad\Glad\include\glad\glad.h(32,1): message : see previous definition of 'APIENTRY'
C:\dev\kx\kx\kx\Src\kx\Imgui\ImGuiLayer.cpp(64,80): warning C4244: 'argument': conversion from 'unsigned int' to 'float', possible loss of data
C:\dev\kx\kx\kx\Src\kx\Imgui\ImGuiLayer.cpp(64,51): warning C4244: 'argument': conversion from 'unsigned int' to 'float', possible loss of data
  LayerStack.cpp
  Layer.cpp
  Application.cpp
C:\Program Files (x86)\Windows Kits\10\Include\10.0.19041.0\shared\minwindef.h(130,1): warning C4005: 'APIENTRY': macro redefinition
C:\dev\kx\kx\kx\vendor\GLFW\glfw3.h(123,1): message : see previous definition of 'APIENTRY'
  Logger.cpp
  WindowsWindow.cpp
C:\Program Files (x86)\Windows Kits\10\Include\10.0.19041.0\shared\minwindef.h(130,1): warning C4005: 'APIENTRY': macro redefinition
C:\dev\kx\kx\kx\vendor\GLFW\glfw3.h(123,1): message : see previous definition of 'APIENTRY'
  glm.cpp
  WindowsInput.cpp
C:\Program Files (x86)\Windows Kits\10\Include\10.0.19041.0\shared\minwindef.h(130,1): warning C4005: 'APIENTRY': macro redefinition
C:\dev\kx\kx\kx\vendor\GlFW\glfw3.h(123,1): message : see previous definition of 'APIENTRY'
  Generating Code...
glfw3_mt.lib(context.obj) : warning LNK4006: glfwMakeContextCurrent already defined in glfw3.lib(context.obj); second definition ignored
glfw3_mt.lib(context.obj) : warning LNK4006: glfwGetCurrentContext already defined in glfw3.lib(context.obj); second definition ignored
glfw3_mt.lib(context.obj) : warning LNK4006: glfwSwapBuffers already defined in glfw3.lib(context.obj); second definition ignored
glfw3_mt.lib(context.obj) : warning LNK4006: glfwSwapInterval already defined in glfw3.lib(context.obj); second definition ignored
glfw3_mt.lib(context.obj) : warning LNK4006: glfwExtensionSupported already defined in glfw3.lib(context.obj); second definition ignored
glfw3_mt.lib(context.obj) : warning LNK4006: glfwGetProcAddress already defined in glfw3.lib(context.obj); second definition ignored
glfw3_mt.lib(context.obj) : warning LNK4006: _glfwStringInExtensionString already defined in glfw3.lib(context.obj); second definition ignored
glfw3_mt.lib(context.obj) : warning LNK4006: _glfwChooseFBConfig already defined in glfw3.lib(context.obj); second definition ignored
glfw3_mt.lib(context.obj) : warning LNK4006: _glfwRefreshContextAttribs already defined in glfw3.lib(context.obj); second definition ignored
glfw3_mt.lib(context.obj) : warning LNK4006: _glfwIsValidContextConfig already defined in glfw3.lib(context.obj); second definition ignored
glfw3_mt.lib(init.obj) : warning LNK4006: _glfw already defined in glfw3.lib(init.obj); second definition ignored
glfw3_mt.lib(init.obj) : warning LNK4006: glfwInit already defined in glfw3.lib(init.obj); second definition ignored
glfw3_mt.lib(init.obj) : warning LNK4006: glfwTerminate already defined in glfw3.lib(init.obj); second definition ignored
glfw3_mt.lib(init.obj) : warning LNK4006: glfwInitHint already defined in glfw3.lib(init.obj); second definition ignored
glfw3_mt.lib(init.obj) : warning LNK4006: glfwGetVersion already defined in glfw3.lib(init.obj); second definition ignored
glfw3_mt.lib(init.obj) : warning LNK4006: glfwGetVersionString already defined in glfw3.lib(init.obj); second definition ignored
glfw3_mt.lib(init.obj) : warning LNK4006: glfwGetError already defined in glfw3.lib(init.obj); second definition ignored
glfw3_mt.lib(init.obj) : warning LNK4006: glfwSetErrorCallback already defined in glfw3.lib(init.obj); second definition ignored
glfw3_mt.lib(init.obj) : warning LNK4006: _glfwInputError already defined in glfw3.lib(init.obj); second definition ignored
glfw3_mt.lib(init.obj) : warning LNK4006: _glfwEncodeUTF8 already defined in glfw3.lib(init.obj); second definition ignored
glfw3_mt.lib(init.obj) : warning LNK4006: _glfwParseUriList already defined in glfw3.lib(init.obj); second definition ignored
glfw3_mt.lib(init.obj) : warning LNK4006: _glfw_strdup already defined in glfw3.lib(init.obj); second definition ignored
glfw3_mt.lib(init.obj) : warning LNK4006: _glfw_min already defined in glfw3.lib(init.obj); second definition ignored
glfw3_mt.lib(init.obj) : warning LNK4006: _glfw_max already defined in glfw3.lib(init.obj); second definition ignored
glfw3_mt.lib(init.obj) : warning LNK4006: _glfw_fminf already defined in glfw3.lib(init.obj); second definition ignored
glfw3_mt.lib(init.obj) : warning LNK4006: _glfw_fmaxf already defined in glfw3.lib(init.obj); second definition ignored
glfw3_mt.lib(input.obj) : warning LNK4006: _glfwDefaultMappings already defined in glfw3.lib(input.obj); second definition ignored
glfw3_mt.lib(input.obj) : warning LNK4006: glfwGetInputMode already defined in glfw3.lib(input.obj); second definition ignored
glfw3_mt.lib(input.obj) : warning LNK4006: glfwSetInputMode already defined in glfw3.lib(input.obj); second definition ignored
glfw3_mt.lib(input.obj) : warning LNK4006: glfwRawMouseMotionSupported already defined in glfw3.lib(input.obj); second definition ignored
glfw3_mt.lib(input.obj) : warning LNK4006: glfwGetKeyName already defined in glfw3.lib(input.obj); second definition ignored
glfw3_mt.lib(input.obj) : warning LNK4006: glfwGetKeyScancode already defined in glfw3.lib(input.obj); second definition ignored
glfw3_mt.lib(input.obj) : warning LNK4006: glfwGetKey already defined in glfw3.lib(input.obj); second definition ignored
glfw3_mt.lib(input.obj) : warning LNK4006: glfwGetMouseButton already defined in glfw3.lib(input.obj); second definition ignored
glfw3_mt.lib(input.obj) : warning LNK4006: glfwGetCursorPos already defined in glfw3.lib(input.obj); second definition ignored
glfw3_mt.lib(input.obj) : warning LNK4006: glfwSetCursorPos already defined in glfw3.lib(input.obj); second definition ignored
glfw3_mt.lib(input.obj) : warning LNK4006: glfwCreateCursor already defined in glfw3.lib(input.obj); second definition ignored
glfw3_mt.lib(input.obj) : warning LNK4006: glfwCreateStandardCursor already defined in glfw3.lib(input.obj); second definition ignored
glfw3_mt.lib(input.obj) : warning LNK4006: glfwDestroyCursor already defined in glfw3.lib(input.obj); second definition ignored
glfw3_mt.lib(input.obj) : warning LNK4006: glfwSetCursor already defined in glfw3.lib(input.obj); second definition ignored
glfw3_mt.lib(input.obj) : warning LNK4006: glfwSetKeyCallback already defined in glfw3.lib(input.obj); second definition ignored
glfw3_mt.lib(input.obj) : warning LNK4006: glfwSetCharCallback already defined in glfw3.lib(input.obj); second definition ignored
glfw3_mt.lib(input.obj) : warning LNK4006: glfwSetCharModsCallback already defined in glfw3.lib(input.obj); second definition ignored
glfw3_mt.lib(input.obj) : warning LNK4006: glfwSetMouseButtonCallback already defined in glfw3.lib(input.obj); second definition ignored
glfw3_mt.lib(input.obj) : warning LNK4006: glfwSetCursorPosCallback already defined in glfw3.lib(input.obj); second definition ignored
glfw3_mt.lib(input.obj) : warning LNK4006: glfwSetCursorEnterCallback already defined in glfw3.lib(input.obj); second definition ignored
glfw3_mt.lib(input.obj) : warning LNK4006: glfwSetScrollCallback already defined in glfw3.lib(input.obj); second definition ignored
glfw3_mt.lib(input.obj) : warning LNK4006: glfwSetDropCallback already defined in glfw3.lib(input.obj); second definition ignored
glfw3_mt.lib(input.obj) : warning LNK4006: glfwJoystickPresent already defined in glfw3.lib(input.obj); second definition ignored
glfw3_mt.lib(input.obj) : warning LNK4006: glfwGetJoystickAxes already defined in glfw3.lib(input.obj); second definition ignored
glfw3_mt.lib(input.obj) : warning LNK4006: glfwGetJoystickButtons already defined in glfw3.lib(input.obj); second definition ignored
glfw3_mt.lib(input.obj) : warning LNK4006: glfwGetJoystickHats already defined in glfw3.lib(input.obj); second definition ignored
glfw3_mt.lib(input.obj) : warning LNK4006: glfwGetJoystickName already defined in glfw3.lib(input.obj); second definition ignored
glfw3_mt.lib(input.obj) : warning LNK4006: glfwGetJoystickGUID already defined in glfw3.lib(input.obj); second definition ignored
glfw3_mt.lib(input.obj) : warning LNK4006: glfwSetJoystickUserPointer already defined in glfw3.lib(input.obj); second definition ignored
glfw3_mt.lib(input.obj) : warning LNK4006: glfwGetJoystickUserPointer already defined in glfw3.lib(input.obj); second definition ignored
glfw3_mt.lib(input.obj) : warning LNK4006: glfwJoystickIsGamepad already defined in glfw3.lib(input.obj); second definition ignored
glfw3_mt.lib(input.obj) : warning LNK4006: glfwSetJoystickCallback already defined in glfw3.lib(input.obj); second definition ignored
glfw3_mt.lib(input.obj) : warning LNK4006: glfwUpdateGamepadMappings already defined in glfw3.lib(input.obj); second definition ignored
glfw3_mt.lib(input.obj) : warning LNK4006: glfwGetGamepadName already defined in glfw3.lib(input.obj); second definition ignored
glfw3_mt.lib(input.obj) : warning LNK4006: glfwGetGamepadState already defined in glfw3.lib(input.obj); second definition ignored
glfw3_mt.lib(input.obj) : warning LNK4006: glfwSetClipboardString already defined in glfw3.lib(input.obj); second definition ignored
glfw3_mt.lib(input.obj) : warning LNK4006: glfwGetClipboardString already defined in glfw3.lib(input.obj); second definition ignored
glfw3_mt.lib(input.obj) : warning LNK4006: glfwGetTime already defined in glfw3.lib(input.obj); second definition ignored
glfw3_mt.lib(input.obj) : warning LNK4006: glfwSetTime already defined in glfw3.lib(input.obj); second definition ignored
glfw3_mt.lib(input.obj) : warning LNK4006: glfwGetTimerValue already defined in glfw3.lib(input.obj); second definition ignored
glfw3_mt.lib(input.obj) : warning LNK4006: glfwGetTimerFrequency already defined in glfw3.lib(input.obj); second definition ignored
glfw3_mt.lib(input.obj) : warning LNK4006: _glfwInputKey already defined in glfw3.lib(input.obj); second definition ignored
glfw3_mt.lib(input.obj) : warning LNK4006: _glfwInputChar already defined in glfw3.lib(input.obj); second definition ignored
glfw3_mt.lib(input.obj) : warning LNK4006: _glfwInputScroll already defined in glfw3.lib(input.obj); second definition ignored
glfw3_mt.lib(input.obj) : warning LNK4006: _glfwInputMouseClick already defined in glfw3.lib(input.obj); second definition ignored
glfw3_mt.lib(input.obj) : warning LNK4006: _glfwInputCursorPos already defined in glfw3.lib(input.obj); second definition ignored
glfw3_mt.lib(input.obj) : warning LNK4006: _glfwInputCursorEnter already defined in glfw3.lib(input.obj); second definition ignored
glfw3_mt.lib(input.obj) : warning LNK4006: _glfwInputDrop already defined in glfw3.lib(input.obj); second definition ignored
glfw3_mt.lib(input.obj) : warning LNK4006: _glfwInputJoystick already defined in glfw3.lib(input.obj); second definition ignored
glfw3_mt.lib(input.obj) : warning LNK4006: _glfwInputJoystickAxis already defined in glfw3.lib(input.obj); second definition ignored
glfw3_mt.lib(input.obj) : warning LNK4006: _glfwInputJoystickButton already defined in glfw3.lib(input.obj); second definition ignored
glfw3_mt.lib(input.obj) : warning LNK4006: _glfwInputJoystickHat already defined in glfw3.lib(input.obj); second definition ignored
glfw3_mt.lib(input.obj) : warning LNK4006: _glfwInitGamepadMappings already defined in glfw3.lib(input.obj); second definition ignored
glfw3_mt.lib(input.obj) : warning LNK4006: _glfwAllocJoystick already defined in glfw3.lib(input.obj); second definition ignored
glfw3_mt.lib(input.obj) : warning LNK4006: _glfwFreeJoystick already defined in glfw3.lib(input.obj); second definition ignored
glfw3_mt.lib(input.obj) : warning LNK4006: _glfwCenterCursorInContentArea already defined in glfw3.lib(input.obj); second definition ignored
glfw3_mt.lib(monitor.obj) : warning LNK4006: glfwGetMonitors already defined in glfw3.lib(monitor.obj); second definition ignored
glfw3_mt.lib(monitor.obj) : warning LNK4006: glfwGetPrimaryMonitor already defined in glfw3.lib(monitor.obj); second definition ignored
glfw3_mt.lib(monitor.obj) : warning LNK4006: glfwGetMonitorPos already defined in glfw3.lib(monitor.obj); second definition ignored
glfw3_mt.lib(monitor.obj) : warning LNK4006: glfwGetMonitorWorkarea already defined in glfw3.lib(monitor.obj); second definition ignored
glfw3_mt.lib(monitor.obj) : warning LNK4006: glfwGetMonitorPhysicalSize already defined in glfw3.lib(monitor.obj); second definition ignored
glfw3_mt.lib(monitor.obj) : warning LNK4006: glfwGetMonitorContentScale already defined in glfw3.lib(monitor.obj); second definition ignored
glfw3_mt.lib(monitor.obj) : warning LNK4006: glfwGetMonitorName already defined in glfw3.lib(monitor.obj); second definition ignored
glfw3_mt.lib(monitor.obj) : warning LNK4006: glfwSetMonitorUserPointer already defined in glfw3.lib(monitor.obj); second definition ignored
glfw3_mt.lib(monitor.obj) : warning LNK4006: glfwGetMonitorUserPointer already defined in glfw3.lib(monitor.obj); second definition ignored
glfw3_mt.lib(monitor.obj) : warning LNK4006: glfwSetMonitorCallback already defined in glfw3.lib(monitor.obj); second definition ignored
glfw3_mt.lib(monitor.obj) : warning LNK4006: glfwGetVideoModes already defined in glfw3.lib(monitor.obj); second definition ignored
glfw3_mt.lib(monitor.obj) : warning LNK4006: glfwGetVideoMode already defined in glfw3.lib(monitor.obj); second definition ignored
glfw3_mt.lib(monitor.obj) : warning LNK4006: glfwSetGamma already defined in glfw3.lib(monitor.obj); second definition ignored
glfw3_mt.lib(monitor.obj) : warning LNK4006: glfwGetGammaRamp already defined in glfw3.lib(monitor.obj); second definition ignored
glfw3_mt.lib(monitor.obj) : warning LNK4006: glfwSetGammaRamp already defined in glfw3.lib(monitor.obj); second definition ignored
glfw3_mt.lib(monitor.obj) : warning LNK4006: _glfwInputMonitor already defined in glfw3.lib(monitor.obj); second definition ignored
glfw3_mt.lib(monitor.obj) : warning LNK4006: _glfwInputMonitorWindow already defined in glfw3.lib(monitor.obj); second definition ignored
glfw3_mt.lib(monitor.obj) : warning LNK4006: _glfwChooseVideoMode already defined in glfw3.lib(monitor.obj); second definition ignored
glfw3_mt.lib(monitor.obj) : warning LNK4006: _glfwCompareVideoModes already defined in glfw3.lib(monitor.obj); second definition ignored
glfw3_mt.lib(monitor.obj) : warning LNK4006: _glfwAllocMonitor already defined in glfw3.lib(monitor.obj); second definition ignored
glfw3_mt.lib(monitor.obj) : warning LNK4006: _glfwFreeMonitor already defined in glfw3.lib(monitor.obj); second definition ignored
glfw3_mt.lib(monitor.obj) : warning LNK4006: _glfwAllocGammaArrays already defined in glfw3.lib(monitor.obj); second definition ignored
glfw3_mt.lib(monitor.obj) : warning LNK4006: _glfwFreeGammaArrays already defined in glfw3.lib(monitor.obj); second definition ignored
glfw3_mt.lib(monitor.obj) : warning LNK4006: _glfwSplitBPP already defined in glfw3.lib(monitor.obj); second definition ignored
glfw3_mt.lib(vulkan.obj) : warning LNK4006: glfwVulkanSupported already defined in glfw3.lib(vulkan.obj); second definition ignored
glfw3_mt.lib(vulkan.obj) : warning LNK4006: glfwGetRequiredInstanceExtensions already defined in glfw3.lib(vulkan.obj); second definition ignored
glfw3_mt.lib(vulkan.obj) : warning LNK4006: _glfwInitVulkan already defined in glfw3.lib(vulkan.obj); second definition ignored
glfw3_mt.lib(vulkan.obj) : warning LNK4006: _glfwTerminateVulkan already defined in glfw3.lib(vulkan.obj); second definition ignored
glfw3_mt.lib(vulkan.obj) : warning LNK4006: _glfwGetVulkanResultString already defined in glfw3.lib(vulkan.obj); second definition ignored
glfw3_mt.lib(vulkan.obj) : warning LNK4006: glfwGetInstanceProcAddress already defined in glfw3.lib(vulkan.obj); second definition ignored
glfw3_mt.lib(vulkan.obj) : warning LNK4006: glfwGetPhysicalDevicePresentationSupport already defined in glfw3.lib(vulkan.obj); second definition ignored
glfw3_mt.lib(vulkan.obj) : warning LNK4006: glfwCreateWindowSurface already defined in glfw3.lib(vulkan.obj); second definition ignored
glfw3_mt.lib(window.obj) : warning LNK4006: glfwDefaultWindowHints already defined in glfw3.lib(window.obj); second definition ignored
glfw3_mt.lib(window.obj) : warning LNK4006: glfwWindowHint already defined in glfw3.lib(window.obj); second definition ignored
glfw3_mt.lib(window.obj) : warning LNK4006: glfwWindowHintString already defined in glfw3.lib(window.obj); second definition ignored
glfw3_mt.lib(window.obj) : warning LNK4006: glfwCreateWindow already defined in glfw3.lib(window.obj); second definition ignored
glfw3_mt.lib(window.obj) : warning LNK4006: glfwDestroyWindow already defined in glfw3.lib(window.obj); second definition ignored
glfw3_mt.lib(window.obj) : warning LNK4006: glfwWindowShouldClose already defined in glfw3.lib(window.obj); second definition ignored
glfw3_mt.lib(window.obj) : warning LNK4006: glfwSetWindowShouldClose already defined in glfw3.lib(window.obj); second definition ignored
glfw3_mt.lib(window.obj) : warning LNK4006: glfwSetWindowTitle already defined in glfw3.lib(window.obj); second definition ignored
glfw3_mt.lib(window.obj) : warning LNK4006: glfwSetWindowIcon already defined in glfw3.lib(window.obj); second definition ignored
glfw3_mt.lib(window.obj) : warning LNK4006: glfwGetWindowPos already defined in glfw3.lib(window.obj); second definition ignored
glfw3_mt.lib(window.obj) : warning LNK4006: glfwSetWindowPos already defined in glfw3.lib(window.obj); second definition ignored
glfw3_mt.lib(window.obj) : warning LNK4006: glfwGetWindowSize already defined in glfw3.lib(window.obj); second definition ignored
glfw3_mt.lib(window.obj) : warning LNK4006: glfwSetWindowSizeLimits already defined in glfw3.lib(window.obj); second definition ignored
glfw3_mt.lib(window.obj) : warning LNK4006: glfwSetWindowAspectRatio already defined in glfw3.lib(window.obj); second definition ignored
glfw3_mt.lib(window.obj) : warning LNK4006: glfwSetWindowSize already defined in glfw3.lib(window.obj); second definition ignored
glfw3_mt.lib(window.obj) : warning LNK4006: glfwGetFramebufferSize already defined in glfw3.lib(window.obj); second definition ignored
glfw3_mt.lib(window.obj) : warning LNK4006: glfwGetWindowFrameSize already defined in glfw3.lib(window.obj); second definition ignored
glfw3_mt.lib(window.obj) : warning LNK4006: glfwGetWindowContentScale already defined in glfw3.lib(window.obj); second definition ignored
glfw3_mt.lib(window.obj) : warning LNK4006: glfwGetWindowOpacity already defined in glfw3.lib(window.obj); second definition ignored
glfw3_mt.lib(window.obj) : warning LNK4006: glfwSetWindowOpacity already defined in glfw3.lib(window.obj); second definition ignored
glfw3_mt.lib(window.obj) : warning LNK4006: glfwIconifyWindow already defined in glfw3.lib(window.obj); second definition ignored
glfw3_mt.lib(window.obj) : warning LNK4006: glfwRestoreWindow already defined in glfw3.lib(window.obj); second definition ignored
glfw3_mt.lib(window.obj) : warning LNK4006: glfwMaximizeWindow already defined in glfw3.lib(window.obj); second definition ignored
glfw3_mt.lib(window.obj) : warning LNK4006: glfwShowWindow already defined in glfw3.lib(window.obj); second definition ignored
glfw3_mt.lib(window.obj) : warning LNK4006: glfwHideWindow already defined in glfw3.lib(window.obj); second definition ignored
glfw3_mt.lib(window.obj) : warning LNK4006: glfwFocusWindow already defined in glfw3.lib(window.obj); second definition ignored
glfw3_mt.lib(window.obj) : warning LNK4006: glfwRequestWindowAttention already defined in glfw3.lib(window.obj); second definition ignored
glfw3_mt.lib(window.obj) : warning LNK4006: glfwGetWindowMonitor already defined in glfw3.lib(window.obj); second definition ignored
glfw3_mt.lib(window.obj) : warning LNK4006: glfwSetWindowMonitor already defined in glfw3.lib(window.obj); second definition ignored
glfw3_mt.lib(window.obj) : warning LNK4006: glfwGetWindowAttrib already defined in glfw3.lib(window.obj); second definition ignored
glfw3_mt.lib(window.obj) : warning LNK4006: glfwSetWindowAttrib already defined in glfw3.lib(window.obj); second definition ignored
glfw3_mt.lib(window.obj) : warning LNK4006: glfwSetWindowUserPointer already defined in glfw3.lib(window.obj); second definition ignored
glfw3_mt.lib(window.obj) : warning LNK4006: glfwGetWindowUserPointer already defined in glfw3.lib(window.obj); second definition ignored
glfw3_mt.lib(window.obj) : warning LNK4006: glfwSetWindowPosCallback already defined in glfw3.lib(window.obj); second definition ignored
glfw3_mt.lib(window.obj) : warning LNK4006: glfwSetWindowSizeCallback already defined in glfw3.lib(window.obj); second definition ignored
glfw3_mt.lib(window.obj) : warning LNK4006: glfwSetWindowCloseCallback already defined in glfw3.lib(window.obj); second definition ignored
glfw3_mt.lib(window.obj) : warning LNK4006: glfwSetWindowRefreshCallback already defined in glfw3.lib(window.obj); second definition ignored
glfw3_mt.lib(window.obj) : warning LNK4006: glfwSetWindowFocusCallback already defined in glfw3.lib(window.obj); second definition ignored
glfw3_mt.lib(window.obj) : warning LNK4006: glfwSetWindowIconifyCallback already defined in glfw3.lib(window.obj); second definition ignored
glfw3_mt.lib(window.obj) : warning LNK4006: glfwSetWindowMaximizeCallback already defined in glfw3.lib(window.obj); second definition ignored
glfw3_mt.lib(window.obj) : warning LNK4006: glfwSetFramebufferSizeCallback already defined in glfw3.lib(window.obj); second definition ignored
glfw3_mt.lib(window.obj) : warning LNK4006: glfwSetWindowContentScaleCallback already defined in glfw3.lib(window.obj); second definition ignored
glfw3_mt.lib(window.obj) : warning LNK4006: glfwPollEvents already defined in glfw3.lib(window.obj); second definition ignored
glfw3_mt.lib(window.obj) : warning LNK4006: glfwWaitEvents already defined in glfw3.lib(window.obj); second definition ignored
glfw3_mt.lib(window.obj) : warning LNK4006: glfwWaitEventsTimeout already defined in glfw3.lib(window.obj); second definition ignored
glfw3_mt.lib(window.obj) : warning LNK4006: glfwPostEmptyEvent already defined in glfw3.lib(window.obj); second definition ignored
glfw3_mt.lib(window.obj) : warning LNK4006: _glfwInputWindowFocus already defined in glfw3.lib(window.obj); second definition ignored
glfw3_mt.lib(window.obj) : warning LNK4006: _glfwInputWindowPos already defined in glfw3.lib(window.obj); second definition ignored
glfw3_mt.lib(window.obj) : warning LNK4006: _glfwInputWindowSize already defined in glfw3.lib(window.obj); second definition ignored
glfw3_mt.lib(window.obj) : warning LNK4006: _glfwInputFramebufferSize already defined in glfw3.lib(window.obj); second definition ignored
glfw3_mt.lib(window.obj) : warning LNK4006: _glfwInputWindowContentScale already defined in glfw3.lib(window.obj); second definition ignored
glfw3_mt.lib(window.obj) : warning LNK4006: _glfwInputWindowIconify already defined in glfw3.lib(window.obj); second definition ignored
glfw3_mt.lib(window.obj) : warning LNK4006: _glfwInputWindowMaximize already defined in glfw3.lib(window.obj); second definition ignored
glfw3_mt.lib(window.obj) : warning LNK4006: _glfwInputWindowDamage already defined in glfw3.lib(window.obj); second definition ignored
glfw3_mt.lib(window.obj) : warning LNK4006: _glfwInputWindowCloseRequest already defined in glfw3.lib(window.obj); second definition ignored
glfw3_mt.lib(window.obj) : warning LNK4006: _glfwInputWindowMonitor already defined in glfw3.lib(window.obj); second definition ignored
glfw3_mt.lib(win32_init.obj) : warning LNK4006: _glfwCreateWideStringFromUTF8Win32 already defined in glfw3.lib(win32_init.obj); second definition ignored
glfw3_mt.lib(win32_init.obj) : warning LNK4006: _glfwCreateUTF8FromWideStringWin32 already defined in glfw3.lib(win32_init.obj); second definition ignored
glfw3_mt.lib(win32_init.obj) : warning LNK4006: _glfwIsWindowsVersionOrGreaterWin32 already defined in glfw3.lib(win32_init.obj); second definition ignored
glfw3_mt.lib(win32_init.obj) : warning LNK4006: _glfwIsWindows10BuildOrGreaterWin32 already defined in glfw3.lib(win32_init.obj); second definition ignored
glfw3_mt.lib(win32_init.obj) : warning LNK4006: _glfwInputErrorWin32 already defined in glfw3.lib(win32_init.obj); second definition ignored
glfw3_mt.lib(win32_init.obj) : warning LNK4006: _glfwUpdateKeyNamesWin32 already defined in glfw3.lib(win32_init.obj); second definition ignored
glfw3_mt.lib(win32_init.obj) : warning LNK4006: _glfwPlatformInit already defined in glfw3.lib(win32_init.obj); second definition ignored
glfw3_mt.lib(win32_init.obj) : warning LNK4006: _glfwPlatformTerminate already defined in glfw3.lib(win32_init.obj); second definition ignored
glfw3_mt.lib(win32_init.obj) : warning LNK4006: _glfwPlatformGetVersionString already defined in glfw3.lib(win32_init.obj); second definition ignored
glfw3_mt.lib(win32_joystick.obj) : warning LNK4006: _glfwInitJoysticksWin32 already defined in glfw3.lib(win32_joystick.obj); second definition ignored
glfw3_mt.lib(win32_joystick.obj) : warning LNK4006: _glfwTerminateJoysticksWin32 already defined in glfw3.lib(win32_joystick.obj); second definition ignored
glfw3_mt.lib(win32_joystick.obj) : warning LNK4006: _glfwDetectJoystickConnectionWin32 already defined in glfw3.lib(win32_joystick.obj); second definition ignored
glfw3_mt.lib(win32_joystick.obj) : warning LNK4006: _glfwDetectJoystickDisconnectionWin32 already defined in glfw3.lib(win32_joystick.obj); second definition ignored
glfw3_mt.lib(win32_joystick.obj) : warning LNK4006: _glfwPlatformPollJoystick already defined in glfw3.lib(win32_joystick.obj); second definition ignored
glfw3_mt.lib(win32_joystick.obj) : warning LNK4006: _glfwPlatformUpdateGamepadGUID already defined in glfw3.lib(win32_joystick.obj); second definition ignored
glfw3_mt.lib(win32_monitor.obj) : warning LNK4006: _glfwPollMonitorsWin32 already defined in glfw3.lib(win32_monitor.obj); second definition ignored
glfw3_mt.lib(win32_monitor.obj) : warning LNK4006: _glfwSetVideoModeWin32 already defined in glfw3.lib(win32_monitor.obj); second definition ignored
glfw3_mt.lib(win32_monitor.obj) : warning LNK4006: _glfwRestoreVideoModeWin32 already defined in glfw3.lib(win32_monitor.obj); second definition ignored
glfw3_mt.lib(win32_monitor.obj) : warning LNK4006: _glfwGetMonitorContentScaleWin32 already defined in glfw3.lib(win32_monitor.obj); second definition ignored
glfw3_mt.lib(win32_monitor.obj) : warning LNK4006: _glfwPlatformFreeMonitor already defined in glfw3.lib(win32_monitor.obj); second definition ignored
glfw3_mt.lib(win32_monitor.obj) : warning LNK4006: _glfwPlatformGetMonitorPos already defined in glfw3.lib(win32_monitor.obj); second definition ignored
glfw3_mt.lib(win32_monitor.obj) : warning LNK4006: _glfwPlatformGetMonitorContentScale already defined in glfw3.lib(win32_monitor.obj); second definition ignored
glfw3_mt.lib(win32_monitor.obj) : warning LNK4006: _glfwPlatformGetMonitorWorkarea already defined in glfw3.lib(win32_monitor.obj); second definition ignored
glfw3_mt.lib(win32_monitor.obj) : warning LNK4006: _glfwPlatformGetVideoModes already defined in glfw3.lib(win32_monitor.obj); second definition ignored
glfw3_mt.lib(win32_monitor.obj) : warning LNK4006: _glfwPlatformGetVideoMode already defined in glfw3.lib(win32_monitor.obj); second definition ignored
glfw3_mt.lib(win32_monitor.obj) : warning LNK4006: _glfwPlatformGetGammaRamp already defined in glfw3.lib(win32_monitor.obj); second definition ignored
glfw3_mt.lib(win32_monitor.obj) : warning LNK4006: _glfwPlatformSetGammaRamp already defined in glfw3.lib(win32_monitor.obj); second definition ignored
glfw3_mt.lib(win32_monitor.obj) : warning LNK4006: glfwGetWin32Adapter already defined in glfw3.lib(win32_monitor.obj); second definition ignored
glfw3_mt.lib(win32_monitor.obj) : warning LNK4006: glfwGetWin32Monitor already defined in glfw3.lib(win32_monitor.obj); second definition ignored
glfw3_mt.lib(win32_time.obj) : warning LNK4006: _glfwInitTimerWin32 already defined in glfw3.lib(win32_time.obj); second definition ignored
glfw3_mt.lib(win32_time.obj) : warning LNK4006: _glfwPlatformGetTimerValue already defined in glfw3.lib(win32_time.obj); second definition ignored
glfw3_mt.lib(win32_time.obj) : warning LNK4006: _glfwPlatformGetTimerFrequency already defined in glfw3.lib(win32_time.obj); second definition ignored
glfw3_mt.lib(win32_thread.obj) : warning LNK4006: _glfwPlatformCreateTls already defined in glfw3.lib(win32_thread.obj); second definition ignored
glfw3_mt.lib(win32_thread.obj) : warning LNK4006: _glfwPlatformDestroyTls already defined in glfw3.lib(win32_thread.obj); second definition ignored
glfw3_mt.lib(win32_thread.obj) : warning LNK4006: _glfwPlatformGetTls already defined in glfw3.lib(win32_thread.obj); second definition ignored
glfw3_mt.lib(win32_thread.obj) : warning LNK4006: _glfwPlatformSetTls already defined in glfw3.lib(win32_thread.obj); second definition ignored
glfw3_mt.lib(win32_thread.obj) : warning LNK4006: _glfwPlatformCreateMutex already defined in glfw3.lib(win32_thread.obj); second definition ignored
glfw3_mt.lib(win32_thread.obj) : warning LNK4006: _glfwPlatformDestroyMutex already defined in glfw3.lib(win32_thread.obj); second definition ignored
glfw3_mt.lib(win32_thread.obj) : warning LNK4006: _glfwPlatformLockMutex already defined in glfw3.lib(win32_thread.obj); second definition ignored
glfw3_mt.lib(win32_thread.obj) : warning LNK4006: _glfwPlatformUnlockMutex already defined in glfw3.lib(win32_thread.obj); second definition ignored
glfw3_mt.lib(win32_window.obj) : warning LNK4006: _glfwRegisterWindowClassWin32 already defined in glfw3.lib(win32_window.obj); second definition ignored
glfw3_mt.lib(win32_window.obj) : warning LNK4006: _glfwUnregisterWindowClassWin32 already defined in glfw3.lib(win32_window.obj); second definition ignored
glfw3_mt.lib(win32_window.obj) : warning LNK4006: _glfwPlatformGetCursorPos already defined in glfw3.lib(win32_window.obj); second definition ignored
glfw3_mt.lib(win32_window.obj) : warning LNK4006: _glfwPlatformSetCursorPos already defined in glfw3.lib(win32_window.obj); second definition ignored
glfw3_mt.lib(win32_window.obj) : warning LNK4006: _glfwPlatformSetCursorMode already defined in glfw3.lib(win32_window.obj); second definition ignored
glfw3_mt.lib(win32_window.obj) : warning LNK4006: _glfwPlatformSetRawMouseMotion already defined in glfw3.lib(win32_window.obj); second definition ignored
glfw3_mt.lib(win32_window.obj) : warning LNK4006: _glfwPlatformRawMouseMotionSupported already defined in glfw3.lib(win32_window.obj); second definition ignored
glfw3_mt.lib(win32_window.obj) : warning LNK4006: _glfwPlatformCreateCursor already defined in glfw3.lib(win32_window.obj); second definition ignored
glfw3_mt.lib(win32_window.obj) : warning LNK4006: _glfwPlatformCreateStandardCursor already defined in glfw3.lib(win32_window.obj); second definition ignored
glfw3_mt.lib(win32_window.obj) : warning LNK4006: _glfwPlatformDestroyCursor already defined in glfw3.lib(win32_window.obj); second definition ignored
glfw3_mt.lib(win32_window.obj) : warning LNK4006: _glfwPlatformSetCursor already defined in glfw3.lib(win32_window.obj); second definition ignored
glfw3_mt.lib(win32_window.obj) : warning LNK4006: _glfwPlatformGetScancodeName already defined in glfw3.lib(win32_window.obj); second definition ignored
glfw3_mt.lib(win32_window.obj) : warning LNK4006: _glfwPlatformGetKeyScancode already defined in glfw3.lib(win32_window.obj); second definition ignored
glfw3_mt.lib(win32_window.obj) : warning LNK4006: _glfwPlatformSetClipboardString already defined in glfw3.lib(win32_window.obj); second definition ignored
glfw3_mt.lib(win32_window.obj) : warning LNK4006: _glfwPlatformGetClipboardString already defined in glfw3.lib(win32_window.obj); second definition ignored
glfw3_mt.lib(win32_window.obj) : warning LNK4006: _glfwPlatformCreateWindow already defined in glfw3.lib(win32_window.obj); second definition ignored
glfw3_mt.lib(win32_window.obj) : warning LNK4006: _glfwPlatformDestroyWindow already defined in glfw3.lib(win32_window.obj); second definition ignored
glfw3_mt.lib(win32_window.obj) : warning LNK4006: _glfwPlatformSetWindowTitle already defined in glfw3.lib(win32_window.obj); second definition ignored
glfw3_mt.lib(win32_window.obj) : warning LNK4006: _glfwPlatformSetWindowIcon already defined in glfw3.lib(win32_window.obj); second definition ignored
glfw3_mt.lib(win32_window.obj) : warning LNK4006: _glfwPlatformGetWindowPos already defined in glfw3.lib(win32_window.obj); second definition ignored
glfw3_mt.lib(win32_window.obj) : warning LNK4006: _glfwPlatformSetWindowPos already defined in glfw3.lib(win32_window.obj); second definition ignored
glfw3_mt.lib(win32_window.obj) : warning LNK4006: _glfwPlatformGetWindowSize already defined in glfw3.lib(win32_window.obj); second definition ignored
glfw3_mt.lib(win32_window.obj) : warning LNK4006: _glfwPlatformSetWindowSize already defined in glfw3.lib(win32_window.obj); second definition ignored
glfw3_mt.lib(win32_window.obj) : warning LNK4006: _glfwPlatformSetWindowSizeLimits already defined in glfw3.lib(win32_window.obj); second definition ignored
glfw3_mt.lib(win32_window.obj) : warning LNK4006: _glfwPlatformSetWindowAspectRatio already defined in glfw3.lib(win32_window.obj); second definition ignored
glfw3_mt.lib(win32_window.obj) : warning LNK4006: _glfwPlatformGetFramebufferSize already defined in glfw3.lib(win32_window.obj); second definition ignored
glfw3_mt.lib(win32_window.obj) : warning LNK4006: _glfwPlatformGetWindowFrameSize already defined in glfw3.lib(win32_window.obj); second definition ignored
glfw3_mt.lib(win32_window.obj) : warning LNK4006: _glfwPlatformGetWindowContentScale already defined in glfw3.lib(win32_window.obj); second definition ignored
glfw3_mt.lib(win32_window.obj) : warning LNK4006: _glfwPlatformIconifyWindow already defined in glfw3.lib(win32_window.obj); second definition ignored
glfw3_mt.lib(win32_window.obj) : warning LNK4006: _glfwPlatformRestoreWindow already defined in glfw3.lib(win32_window.obj); second definition ignored
glfw3_mt.lib(win32_window.obj) : warning LNK4006: _glfwPlatformMaximizeWindow already defined in glfw3.lib(win32_window.obj); second definition ignored
glfw3_mt.lib(win32_window.obj) : warning LNK4006: _glfwPlatformShowWindow already defined in glfw3.lib(win32_window.obj); second definition ignored
glfw3_mt.lib(win32_window.obj) : warning LNK4006: _glfwPlatformHideWindow already defined in glfw3.lib(win32_window.obj); second definition ignored
glfw3_mt.lib(win32_window.obj) : warning LNK4006: _glfwPlatformRequestWindowAttention already defined in glfw3.lib(win32_window.obj); second definition ignored
glfw3_mt.lib(win32_window.obj) : warning LNK4006: _glfwPlatformFocusWindow already defined in glfw3.lib(win32_window.obj); second definition ignored
glfw3_mt.lib(win32_window.obj) : warning LNK4006: _glfwPlatformSetWindowMonitor already defined in glfw3.lib(win32_window.obj); second definition ignored
glfw3_mt.lib(win32_window.obj) : warning LNK4006: _glfwPlatformWindowFocused already defined in glfw3.lib(win32_window.obj); second definition ignored
glfw3_mt.lib(win32_window.obj) : warning LNK4006: _glfwPlatformWindowIconified already defined in glfw3.lib(win32_window.obj); second definition ignored
glfw3_mt.lib(win32_window.obj) : warning LNK4006: _glfwPlatformWindowVisible already defined in glfw3.lib(win32_window.obj); second definition ignored
glfw3_mt.lib(win32_window.obj) : warning LNK4006: _glfwPlatformWindowMaximized already defined in glfw3.lib(win32_window.obj); second definition ignored
glfw3_mt.lib(win32_window.obj) : warning LNK4006: _glfwPlatformWindowHovered already defined in glfw3.lib(win32_window.obj); second definition ignored
glfw3_mt.lib(win32_window.obj) : warning LNK4006: _glfwPlatformFramebufferTransparent already defined in glfw3.lib(win32_window.obj); second definition ignored
glfw3_mt.lib(win32_window.obj) : warning LNK4006: _glfwPlatformGetWindowOpacity already defined in glfw3.lib(win32_window.obj); second definition ignored
glfw3_mt.lib(win32_window.obj) : warning LNK4006: _glfwPlatformSetWindowResizable already defined in glfw3.lib(win32_window.obj); second definition ignored
glfw3_mt.lib(win32_window.obj) : warning LNK4006: _glfwPlatformSetWindowDecorated already defined in glfw3.lib(win32_window.obj); second definition ignored
glfw3_mt.lib(win32_window.obj) : warning LNK4006: _glfwPlatformSetWindowFloating already defined in glfw3.lib(win32_window.obj); second definition ignored
glfw3_mt.lib(win32_window.obj) : warning LNK4006: _glfwPlatformSetWindowOpacity already defined in glfw3.lib(win32_window.obj); second definition ignored
glfw3_mt.lib(win32_window.obj) : warning LNK4006: _glfwPlatformPollEvents already defined in glfw3.lib(win32_window.obj); second definition ignored
glfw3_mt.lib(win32_window.obj) : warning LNK4006: _glfwPlatformWaitEvents already defined in glfw3.lib(win32_window.obj); second definition ignored
glfw3_mt.lib(win32_window.obj) : warning LNK4006: _glfwPlatformWaitEventsTimeout already defined in glfw3.lib(win32_window.obj); second definition ignored
glfw3_mt.lib(win32_window.obj) : warning LNK4006: _glfwPlatformPostEmptyEvent already defined in glfw3.lib(win32_window.obj); second definition ignored
glfw3_mt.lib(win32_window.obj) : warning LNK4006: _glfwPlatformGetRequiredInstanceExtensions already defined in glfw3.lib(win32_window.obj); second definition ignored
glfw3_mt.lib(win32_window.obj) : warning LNK4006: _glfwPlatformGetPhysicalDevicePresentationSupport already defined in glfw3.lib(win32_window.obj); second definition ignored
glfw3_mt.lib(win32_window.obj) : warning LNK4006: _glfwPlatformCreateWindowSurface already defined in glfw3.lib(win32_window.obj); second definition ignored
glfw3_mt.lib(win32_window.obj) : warning LNK4006: glfwGetWin32Window already defined in glfw3.lib(win32_window.obj); second definition ignored
glfw3_mt.lib(wgl_context.obj) : warning LNK4006: _glfwInitWGL already defined in glfw3.lib(wgl_context.obj); second definition ignored
glfw3_mt.lib(wgl_context.obj) : warning LNK4006: _glfwTerminateWGL already defined in glfw3.lib(wgl_context.obj); second definition ignored
glfw3_mt.lib(wgl_context.obj) : warning LNK4006: _glfwCreateContextWGL already defined in glfw3.lib(wgl_context.obj); second definition ignored
glfw3_mt.lib(wgl_context.obj) : warning LNK4006: glfwGetWGLContext already defined in glfw3.lib(wgl_context.obj); second definition ignored
glfw3_mt.lib(egl_context.obj) : warning LNK4006: _glfwInitEGL already defined in glfw3.lib(egl_context.obj); second definition ignored
glfw3_mt.lib(egl_context.obj) : warning LNK4006: _glfwTerminateEGL already defined in glfw3.lib(egl_context.obj); second definition ignored
glfw3_mt.lib(egl_context.obj) : warning LNK4006: _glfwCreateContextEGL already defined in glfw3.lib(egl_context.obj); second definition ignored
glfw3_mt.lib(egl_context.obj) : warning LNK4006: glfwGetEGLDisplay already defined in glfw3.lib(egl_context.obj); second definition ignored
glfw3_mt.lib(egl_context.obj) : warning LNK4006: glfwGetEGLContext already defined in glfw3.lib(egl_context.obj); second definition ignored
glfw3_mt.lib(egl_context.obj) : warning LNK4006: glfwGetEGLSurface already defined in glfw3.lib(egl_context.obj); second definition ignored
glfw3_mt.lib(osmesa_context.obj) : warning LNK4006: _glfwInitOSMesa already defined in glfw3.lib(osmesa_context.obj); second definition ignored
glfw3_mt.lib(osmesa_context.obj) : warning LNK4006: _glfwTerminateOSMesa already defined in glfw3.lib(osmesa_context.obj); second definition ignored
glfw3_mt.lib(osmesa_context.obj) : warning LNK4006: _glfwCreateContextOSMesa already defined in glfw3.lib(osmesa_context.obj); second definition ignored
glfw3_mt.lib(osmesa_context.obj) : warning LNK4006: glfwGetOSMesaColorBuffer already defined in glfw3.lib(osmesa_context.obj); second definition ignored
glfw3_mt.lib(osmesa_context.obj) : warning LNK4006: glfwGetOSMesaDepthBuffer already defined in glfw3.lib(osmesa_context.obj); second definition ignored
glfw3_mt.lib(osmesa_context.obj) : warning LNK4006: glfwGetOSMesaContext already defined in glfw3.lib(osmesa_context.obj); second definition ignored
  kx.vcxproj -> C:\dev\kx\kx\bin\-windows-x86_64\kx\kx.dll
